#-----------------------------------------------------------
# Vivado v2018.3 (64-bit)
# SW Build 2405991 on Thu Dec  6 23:38:27 MST 2018
# IP Build 2404404 on Fri Dec  7 01:43:56 MST 2018
# Start of session at: Tue Mar 26 14:22:33 2024
# Process ID: 21332
# Current directory: D:/Vivado/2.28/test_1/XilinxRFsoc_Sivers-mmWave
# Command line: vivado.exe -gui_launcher_event rodinguilauncherevent12760 D:\Vivado\2.28\test_1\XilinxRFsoc_Sivers-mmWave\test_0.xpr
# Log file: D:/Vivado/2.28/test_1/XilinxRFsoc_Sivers-mmWave/vivado.log
# Journal file: D:/Vivado/2.28/test_1/XilinxRFsoc_Sivers-mmWave\vivado.jou
#-----------------------------------------------------------
start_gui
open_project D:/Vivado/2.28/test_1/XilinxRFsoc_Sivers-mmWave/test_0.xpr
Scanning sources...
Finished scanning sources
INFO: [IP_Flow 19-234] Refreshing IP repositories
INFO: [IP_Flow 19-1704] No user IP repositories specified
INFO: [IP_Flow 19-2313] Loaded Vivado IP repository 'D:/Vivado/Vivado/2018.3/data/ip'.
open_project: Time (s): cpu = 00:00:05 ; elapsed = 00:00:09 . Memory (MB): peak = 802.395 ; gain = 166.770
update_compile_order -fileset sources_1
launch_simulation
INFO: [Vivado 12-5682] Launching behavioral simulation in 'D:/Vivado/2.28/test_1/XilinxRFsoc_Sivers-mmWave/test_0.sim/sim_1/behav/xsim'
INFO: [SIM-utils-51] Simulation object is 'sim_1'
INFO: [SIM-utils-54] Inspecting design source files for 'tb_beam_scan_bs' in fileset 'sim_1'...
INFO: [USF-XSim-97] Finding global include files...
INFO: [USF-XSim-98] Fetching design files from 'sim_1'...
INFO: [USF-XSim-2] XSim::Compile design
INFO: [USF-XSim-61] Executing 'COMPILE and ANALYZE' step in 'D:/Vivado/2.28/test_1/XilinxRFsoc_Sivers-mmWave/test_0.sim/sim_1/behav/xsim'
"xvlog --incr --relax -prj tb_beam_scan_bs_vlog.prj"
INFO: [VRFC 10-2263] Analyzing Verilog file "D:/Vivado/2.28/test_1/XilinxRFsoc_Sivers-mmWave/test_0.srcs/sources_1/new/beam_scan.v" into library xil_defaultlib
INFO: [VRFC 10-311] analyzing module beam_scan
INFO: [VRFC 10-2263] Analyzing Verilog file "D:/Vivado/2.28/test_1/XilinxRFsoc_Sivers-mmWave/test_0.srcs/sim_1/new/tb_baem_scan_bs.v" into library xil_defaultlib
INFO: [VRFC 10-311] analyzing module tb_beam_scan_bs
INFO: [USF-XSim-69] 'compile' step finished in '1' seconds
INFO: [USF-XSim-3] XSim::Elaborate design
INFO: [USF-XSim-61] Executing 'ELABORATE' step in 'D:/Vivado/2.28/test_1/XilinxRFsoc_Sivers-mmWave/test_0.sim/sim_1/behav/xsim'
Vivado Simulator 2018.3
Copyright 1986-1999, 2001-2018 Xilinx, Inc. All Rights Reserved.
Running: D:/Vivado/Vivado/2018.3/bin/unwrapped/win64.o/xelab.exe -wto 32b426fd1b1b4cdbac592df15f1debde --incr --debug typical --relax --mt 2 -L xil_defaultlib -L unisims_ver -L unimacro_ver -L secureip --snapshot tb_beam_scan_bs_behav xil_defaultlib.tb_beam_scan_bs xil_defaultlib.glbl -log elaborate.log 
Using 2 slave threads.
Starting static elaboration
Completed static elaboration
Starting simulation data flow analysis
Completed simulation data flow analysis
Time Resolution for simulation is 1ps
Compiling module xil_defaultlib.beam_scan
Compiling module xil_defaultlib.tb_beam_scan_bs
Compiling module xil_defaultlib.glbl
Built simulation snapshot tb_beam_scan_bs_behav
INFO: [USF-XSim-69] 'elaborate' step finished in '1' seconds
INFO: [USF-XSim-4] XSim::Simulate design
INFO: [USF-XSim-61] Executing 'SIMULATE' step in 'D:/Vivado/2.28/test_1/XilinxRFsoc_Sivers-mmWave/test_0.sim/sim_1/behav/xsim'
INFO: [USF-XSim-98] *** Running xsim
   with args "tb_beam_scan_bs_behav -key {Behavioral:sim_1:Functional:tb_beam_scan_bs} -tclbatch {tb_beam_scan_bs.tcl} -log {simulate.log}"
INFO: [USF-XSim-8] Loading simulator feature
Vivado Simulator 2018.3
Time resolution is 1 ps
source tb_beam_scan_bs.tcl
# set curr_wave [current_wave_config]
# if { [string length $curr_wave] == 0 } {
#   if { [llength [get_objects]] > 0} {
#     add_wave /
#     set_property needs_save false [current_wave_config]
#   } else {
#      send_msg_id Add_Wave-1 WARNING "No top level signals found. Simulator will start without a wave window. If you want to open a wave window go to 'File->New Waveform Configuration' or type 'create_wave_config' in the TCL console."
#   }
# }
# run 1000ns
INFO: [USF-XSim-96] XSim completed. Design snapshot 'tb_beam_scan_bs_behav' loaded.
INFO: [USF-XSim-97] XSim simulation ran for 1000ns
launch_simulation: Time (s): cpu = 00:00:02 ; elapsed = 00:00:05 . Memory (MB): peak = 840.691 ; gain = 10.250
run 10 us
close_sim
INFO: [Simtcl 6-16] Simulation closed
launch_simulation
INFO: [Vivado 12-5682] Launching behavioral simulation in 'D:/Vivado/2.28/test_1/XilinxRFsoc_Sivers-mmWave/test_0.sim/sim_1/behav/xsim'
INFO: [SIM-utils-51] Simulation object is 'sim_1'
INFO: [SIM-utils-54] Inspecting design source files for 'tb_beam_scan_bs' in fileset 'sim_1'...
INFO: [USF-XSim-97] Finding global include files...
INFO: [USF-XSim-98] Fetching design files from 'sim_1'...
INFO: [USF-XSim-2] XSim::Compile design
INFO: [USF-XSim-61] Executing 'COMPILE and ANALYZE' step in 'D:/Vivado/2.28/test_1/XilinxRFsoc_Sivers-mmWave/test_0.sim/sim_1/behav/xsim'
"xvlog --incr --relax -prj tb_beam_scan_bs_vlog.prj"
INFO: [VRFC 10-2263] Analyzing Verilog file "D:/Vivado/2.28/test_1/XilinxRFsoc_Sivers-mmWave/test_0.srcs/sources_1/new/beam_scan.v" into library xil_defaultlib
INFO: [VRFC 10-311] analyzing module beam_scan
INFO: [VRFC 10-2263] Analyzing Verilog file "D:/Vivado/2.28/test_1/XilinxRFsoc_Sivers-mmWave/test_0.srcs/sim_1/new/tb_baem_scan_bs.v" into library xil_defaultlib
INFO: [VRFC 10-311] analyzing module tb_beam_scan_bs
INFO: [USF-XSim-69] 'compile' step finished in '1' seconds
INFO: [USF-XSim-3] XSim::Elaborate design
INFO: [USF-XSim-61] Executing 'ELABORATE' step in 'D:/Vivado/2.28/test_1/XilinxRFsoc_Sivers-mmWave/test_0.sim/sim_1/behav/xsim'
Vivado Simulator 2018.3
Copyright 1986-1999, 2001-2018 Xilinx, Inc. All Rights Reserved.
Running: D:/Vivado/Vivado/2018.3/bin/unwrapped/win64.o/xelab.exe -wto 32b426fd1b1b4cdbac592df15f1debde --incr --debug typical --relax --mt 2 -L xil_defaultlib -L unisims_ver -L unimacro_ver -L secureip --snapshot tb_beam_scan_bs_behav xil_defaultlib.tb_beam_scan_bs xil_defaultlib.glbl -log elaborate.log 
Using 2 slave threads.
Starting static elaboration
Completed static elaboration
Starting simulation data flow analysis
Completed simulation data flow analysis
Time Resolution for simulation is 1ps
Compiling module xil_defaultlib.beam_scan
Compiling module xil_defaultlib.tb_beam_scan_bs
Compiling module xil_defaultlib.glbl
Built simulation snapshot tb_beam_scan_bs_behav
INFO: [USF-XSim-69] 'elaborate' step finished in '1' seconds
INFO: [USF-XSim-4] XSim::Simulate design
INFO: [USF-XSim-61] Executing 'SIMULATE' step in 'D:/Vivado/2.28/test_1/XilinxRFsoc_Sivers-mmWave/test_0.sim/sim_1/behav/xsim'
INFO: [USF-XSim-98] *** Running xsim
   with args "tb_beam_scan_bs_behav -key {Behavioral:sim_1:Functional:tb_beam_scan_bs} -tclbatch {tb_beam_scan_bs.tcl} -log {simulate.log}"
INFO: [USF-XSim-8] Loading simulator feature
Vivado Simulator 2018.3
Time resolution is 1 ps
source tb_beam_scan_bs.tcl
# set curr_wave [current_wave_config]
# if { [string length $curr_wave] == 0 } {
#   if { [llength [get_objects]] > 0} {
#     add_wave /
#     set_property needs_save false [current_wave_config]
#   } else {
#      send_msg_id Add_Wave-1 WARNING "No top level signals found. Simulator will start without a wave window. If you want to open a wave window go to 'File->New Waveform Configuration' or type 'create_wave_config' in the TCL console."
#   }
# }
# run 1000ns
INFO: [USF-XSim-96] XSim completed. Design snapshot 'tb_beam_scan_bs_behav' loaded.
INFO: [USF-XSim-97] XSim simulation ran for 1000ns
run 10 us
close_sim
INFO: [Simtcl 6-16] Simulation closed
launch_simulation
INFO: [Vivado 12-5682] Launching behavioral simulation in 'D:/Vivado/2.28/test_1/XilinxRFsoc_Sivers-mmWave/test_0.sim/sim_1/behav/xsim'
INFO: [SIM-utils-51] Simulation object is 'sim_1'
INFO: [SIM-utils-54] Inspecting design source files for 'tb_beam_scan_bs' in fileset 'sim_1'...
INFO: [USF-XSim-97] Finding global include files...
INFO: [USF-XSim-98] Fetching design files from 'sim_1'...
INFO: [USF-XSim-2] XSim::Compile design
INFO: [USF-XSim-61] Executing 'COMPILE and ANALYZE' step in 'D:/Vivado/2.28/test_1/XilinxRFsoc_Sivers-mmWave/test_0.sim/sim_1/behav/xsim'
"xvlog --incr --relax -prj tb_beam_scan_bs_vlog.prj"
INFO: [VRFC 10-2263] Analyzing Verilog file "D:/Vivado/2.28/test_1/XilinxRFsoc_Sivers-mmWave/test_0.srcs/sources_1/new/beam_scan.v" into library xil_defaultlib
INFO: [VRFC 10-311] analyzing module beam_scan
INFO: [VRFC 10-2263] Analyzing Verilog file "D:/Vivado/2.28/test_1/XilinxRFsoc_Sivers-mmWave/test_0.srcs/sim_1/new/tb_baem_scan_bs.v" into library xil_defaultlib
INFO: [VRFC 10-311] analyzing module tb_beam_scan_bs
INFO: [USF-XSim-69] 'compile' step finished in '1' seconds
INFO: [USF-XSim-3] XSim::Elaborate design
INFO: [USF-XSim-61] Executing 'ELABORATE' step in 'D:/Vivado/2.28/test_1/XilinxRFsoc_Sivers-mmWave/test_0.sim/sim_1/behav/xsim'
Vivado Simulator 2018.3
Copyright 1986-1999, 2001-2018 Xilinx, Inc. All Rights Reserved.
Running: D:/Vivado/Vivado/2018.3/bin/unwrapped/win64.o/xelab.exe -wto 32b426fd1b1b4cdbac592df15f1debde --incr --debug typical --relax --mt 2 -L xil_defaultlib -L unisims_ver -L unimacro_ver -L secureip --snapshot tb_beam_scan_bs_behav xil_defaultlib.tb_beam_scan_bs xil_defaultlib.glbl -log elaborate.log 
Using 2 slave threads.
Starting static elaboration
Completed static elaboration
Starting simulation data flow analysis
Completed simulation data flow analysis
Time Resolution for simulation is 1ps
Compiling module xil_defaultlib.beam_scan
Compiling module xil_defaultlib.tb_beam_scan_bs
Compiling module xil_defaultlib.glbl
Built simulation snapshot tb_beam_scan_bs_behav
INFO: [USF-XSim-69] 'elaborate' step finished in '1' seconds
INFO: [USF-XSim-4] XSim::Simulate design
INFO: [USF-XSim-61] Executing 'SIMULATE' step in 'D:/Vivado/2.28/test_1/XilinxRFsoc_Sivers-mmWave/test_0.sim/sim_1/behav/xsim'
INFO: [USF-XSim-98] *** Running xsim
   with args "tb_beam_scan_bs_behav -key {Behavioral:sim_1:Functional:tb_beam_scan_bs} -tclbatch {tb_beam_scan_bs.tcl} -log {simulate.log}"
INFO: [USF-XSim-8] Loading simulator feature
Vivado Simulator 2018.3
Time resolution is 1 ps
source tb_beam_scan_bs.tcl
# set curr_wave [current_wave_config]
# if { [string length $curr_wave] == 0 } {
#   if { [llength [get_objects]] > 0} {
#     add_wave /
#     set_property needs_save false [current_wave_config]
#   } else {
#      send_msg_id Add_Wave-1 WARNING "No top level signals found. Simulator will start without a wave window. If you want to open a wave window go to 'File->New Waveform Configuration' or type 'create_wave_config' in the TCL console."
#   }
# }
# run 1000ns
INFO: [USF-XSim-96] XSim completed. Design snapshot 'tb_beam_scan_bs_behav' loaded.
INFO: [USF-XSim-97] XSim simulation ran for 1000ns
run 10 us
close_sim
INFO: [Simtcl 6-16] Simulation closed
launch_simulation
INFO: [Vivado 12-5682] Launching behavioral simulation in 'D:/Vivado/2.28/test_1/XilinxRFsoc_Sivers-mmWave/test_0.sim/sim_1/behav/xsim'
INFO: [SIM-utils-51] Simulation object is 'sim_1'
INFO: [SIM-utils-54] Inspecting design source files for 'tb_beam_scan_bs' in fileset 'sim_1'...
INFO: [USF-XSim-97] Finding global include files...
INFO: [USF-XSim-98] Fetching design files from 'sim_1'...
INFO: [USF-XSim-2] XSim::Compile design
INFO: [USF-XSim-61] Executing 'COMPILE and ANALYZE' step in 'D:/Vivado/2.28/test_1/XilinxRFsoc_Sivers-mmWave/test_0.sim/sim_1/behav/xsim'
"xvlog --incr --relax -prj tb_beam_scan_bs_vlog.prj"
INFO: [VRFC 10-2263] Analyzing Verilog file "D:/Vivado/2.28/test_1/XilinxRFsoc_Sivers-mmWave/test_0.srcs/sources_1/new/beam_scan.v" into library xil_defaultlib
INFO: [VRFC 10-311] analyzing module beam_scan
INFO: [VRFC 10-2263] Analyzing Verilog file "D:/Vivado/2.28/test_1/XilinxRFsoc_Sivers-mmWave/test_0.srcs/sim_1/new/tb_baem_scan_bs.v" into library xil_defaultlib
INFO: [VRFC 10-311] analyzing module tb_beam_scan_bs
INFO: [USF-XSim-69] 'compile' step finished in '1' seconds
INFO: [USF-XSim-3] XSim::Elaborate design
INFO: [USF-XSim-61] Executing 'ELABORATE' step in 'D:/Vivado/2.28/test_1/XilinxRFsoc_Sivers-mmWave/test_0.sim/sim_1/behav/xsim'
Vivado Simulator 2018.3
Copyright 1986-1999, 2001-2018 Xilinx, Inc. All Rights Reserved.
Running: D:/Vivado/Vivado/2018.3/bin/unwrapped/win64.o/xelab.exe -wto 32b426fd1b1b4cdbac592df15f1debde --incr --debug typical --relax --mt 2 -L xil_defaultlib -L unisims_ver -L unimacro_ver -L secureip --snapshot tb_beam_scan_bs_behav xil_defaultlib.tb_beam_scan_bs xil_defaultlib.glbl -log elaborate.log 
Using 2 slave threads.
Starting static elaboration
Completed static elaboration
Starting simulation data flow analysis
Completed simulation data flow analysis
Time Resolution for simulation is 1ps
Compiling module xil_defaultlib.beam_scan
Compiling module xil_defaultlib.tb_beam_scan_bs
Compiling module xil_defaultlib.glbl
Built simulation snapshot tb_beam_scan_bs_behav
INFO: [USF-XSim-69] 'elaborate' step finished in '1' seconds
INFO: [USF-XSim-4] XSim::Simulate design
INFO: [USF-XSim-61] Executing 'SIMULATE' step in 'D:/Vivado/2.28/test_1/XilinxRFsoc_Sivers-mmWave/test_0.sim/sim_1/behav/xsim'
INFO: [USF-XSim-98] *** Running xsim
   with args "tb_beam_scan_bs_behav -key {Behavioral:sim_1:Functional:tb_beam_scan_bs} -tclbatch {tb_beam_scan_bs.tcl} -log {simulate.log}"
INFO: [USF-XSim-8] Loading simulator feature
Vivado Simulator 2018.3
Time resolution is 1 ps
source tb_beam_scan_bs.tcl
# set curr_wave [current_wave_config]
# if { [string length $curr_wave] == 0 } {
#   if { [llength [get_objects]] > 0} {
#     add_wave /
#     set_property needs_save false [current_wave_config]
#   } else {
#      send_msg_id Add_Wave-1 WARNING "No top level signals found. Simulator will start without a wave window. If you want to open a wave window go to 'File->New Waveform Configuration' or type 'create_wave_config' in the TCL console."
#   }
# }
# run 1000ns
INFO: [USF-XSim-96] XSim completed. Design snapshot 'tb_beam_scan_bs_behav' loaded.
INFO: [USF-XSim-97] XSim simulation ran for 1000ns
run 10 us
close_sim
INFO: [Simtcl 6-16] Simulation closed
launch_simulation
INFO: [Vivado 12-5682] Launching behavioral simulation in 'D:/Vivado/2.28/test_1/XilinxRFsoc_Sivers-mmWave/test_0.sim/sim_1/behav/xsim'
INFO: [SIM-utils-51] Simulation object is 'sim_1'
INFO: [SIM-utils-54] Inspecting design source files for 'tb_beam_scan_bs' in fileset 'sim_1'...
INFO: [USF-XSim-97] Finding global include files...
INFO: [USF-XSim-98] Fetching design files from 'sim_1'...
INFO: [USF-XSim-2] XSim::Compile design
INFO: [USF-XSim-61] Executing 'COMPILE and ANALYZE' step in 'D:/Vivado/2.28/test_1/XilinxRFsoc_Sivers-mmWave/test_0.sim/sim_1/behav/xsim'
"xvlog --incr --relax -prj tb_beam_scan_bs_vlog.prj"
INFO: [VRFC 10-2263] Analyzing Verilog file "D:/Vivado/2.28/test_1/XilinxRFsoc_Sivers-mmWave/test_0.srcs/sources_1/new/beam_scan.v" into library xil_defaultlib
INFO: [VRFC 10-311] analyzing module beam_scan
INFO: [VRFC 10-2263] Analyzing Verilog file "D:/Vivado/2.28/test_1/XilinxRFsoc_Sivers-mmWave/test_0.srcs/sim_1/new/tb_baem_scan_bs.v" into library xil_defaultlib
INFO: [VRFC 10-311] analyzing module tb_beam_scan_bs
INFO: [USF-XSim-69] 'compile' step finished in '1' seconds
INFO: [USF-XSim-3] XSim::Elaborate design
INFO: [USF-XSim-61] Executing 'ELABORATE' step in 'D:/Vivado/2.28/test_1/XilinxRFsoc_Sivers-mmWave/test_0.sim/sim_1/behav/xsim'
Vivado Simulator 2018.3
Copyright 1986-1999, 2001-2018 Xilinx, Inc. All Rights Reserved.
Running: D:/Vivado/Vivado/2018.3/bin/unwrapped/win64.o/xelab.exe -wto 32b426fd1b1b4cdbac592df15f1debde --incr --debug typical --relax --mt 2 -L xil_defaultlib -L unisims_ver -L unimacro_ver -L secureip --snapshot tb_beam_scan_bs_behav xil_defaultlib.tb_beam_scan_bs xil_defaultlib.glbl -log elaborate.log 
Using 2 slave threads.
Starting static elaboration
Completed static elaboration
Starting simulation data flow analysis
Completed simulation data flow analysis
Time Resolution for simulation is 1ps
Compiling module xil_defaultlib.beam_scan
Compiling module xil_defaultlib.tb_beam_scan_bs
Compiling module xil_defaultlib.glbl
Built simulation snapshot tb_beam_scan_bs_behav
INFO: [USF-XSim-69] 'elaborate' step finished in '2' seconds
INFO: [USF-XSim-4] XSim::Simulate design
INFO: [USF-XSim-61] Executing 'SIMULATE' step in 'D:/Vivado/2.28/test_1/XilinxRFsoc_Sivers-mmWave/test_0.sim/sim_1/behav/xsim'
INFO: [USF-XSim-98] *** Running xsim
   with args "tb_beam_scan_bs_behav -key {Behavioral:sim_1:Functional:tb_beam_scan_bs} -tclbatch {tb_beam_scan_bs.tcl} -log {simulate.log}"
INFO: [USF-XSim-8] Loading simulator feature
Vivado Simulator 2018.3
Time resolution is 1 ps
source tb_beam_scan_bs.tcl
# set curr_wave [current_wave_config]
# if { [string length $curr_wave] == 0 } {
#   if { [llength [get_objects]] > 0} {
#     add_wave /
#     set_property needs_save false [current_wave_config]
#   } else {
#      send_msg_id Add_Wave-1 WARNING "No top level signals found. Simulator will start without a wave window. If you want to open a wave window go to 'File->New Waveform Configuration' or type 'create_wave_config' in the TCL console."
#   }
# }
# run 1000ns
INFO: [USF-XSim-96] XSim completed. Design snapshot 'tb_beam_scan_bs_behav' loaded.
INFO: [USF-XSim-97] XSim simulation ran for 1000ns
launch_simulation: Time (s): cpu = 00:00:01 ; elapsed = 00:00:05 . Memory (MB): peak = 881.875 ; gain = 0.000
run 10 us
run 10 us
run 10 us
run 10 us
close_sim
INFO: [Simtcl 6-16] Simulation closed
launch_simulation
INFO: [Vivado 12-5682] Launching behavioral simulation in 'D:/Vivado/2.28/test_1/XilinxRFsoc_Sivers-mmWave/test_0.sim/sim_1/behav/xsim'
INFO: [SIM-utils-51] Simulation object is 'sim_1'
INFO: [SIM-utils-54] Inspecting design source files for 'tb_beam_scan_bs' in fileset 'sim_1'...
INFO: [USF-XSim-97] Finding global include files...
INFO: [USF-XSim-98] Fetching design files from 'sim_1'...
INFO: [USF-XSim-2] XSim::Compile design
INFO: [USF-XSim-61] Executing 'COMPILE and ANALYZE' step in 'D:/Vivado/2.28/test_1/XilinxRFsoc_Sivers-mmWave/test_0.sim/sim_1/behav/xsim'
"xvlog --incr --relax -prj tb_beam_scan_bs_vlog.prj"
INFO: [VRFC 10-2263] Analyzing Verilog file "D:/Vivado/2.28/test_1/XilinxRFsoc_Sivers-mmWave/test_0.srcs/sources_1/new/beam_scan.v" into library xil_defaultlib
INFO: [VRFC 10-311] analyzing module beam_scan
INFO: [VRFC 10-2263] Analyzing Verilog file "D:/Vivado/2.28/test_1/XilinxRFsoc_Sivers-mmWave/test_0.srcs/sim_1/new/tb_baem_scan_bs.v" into library xil_defaultlib
INFO: [VRFC 10-311] analyzing module tb_beam_scan_bs
INFO: [USF-XSim-69] 'compile' step finished in '1' seconds
INFO: [USF-XSim-3] XSim::Elaborate design
INFO: [USF-XSim-61] Executing 'ELABORATE' step in 'D:/Vivado/2.28/test_1/XilinxRFsoc_Sivers-mmWave/test_0.sim/sim_1/behav/xsim'
Vivado Simulator 2018.3
Copyright 1986-1999, 2001-2018 Xilinx, Inc. All Rights Reserved.
Running: D:/Vivado/Vivado/2018.3/bin/unwrapped/win64.o/xelab.exe -wto 32b426fd1b1b4cdbac592df15f1debde --incr --debug typical --relax --mt 2 -L xil_defaultlib -L unisims_ver -L unimacro_ver -L secureip --snapshot tb_beam_scan_bs_behav xil_defaultlib.tb_beam_scan_bs xil_defaultlib.glbl -log elaborate.log 
Using 2 slave threads.
Starting static elaboration
Completed static elaboration
Starting simulation data flow analysis
Completed simulation data flow analysis
Time Resolution for simulation is 1ps
Compiling module xil_defaultlib.beam_scan
Compiling module xil_defaultlib.tb_beam_scan_bs
Compiling module xil_defaultlib.glbl
Built simulation snapshot tb_beam_scan_bs_behav
INFO: [USF-XSim-69] 'elaborate' step finished in '1' seconds
INFO: [USF-XSim-4] XSim::Simulate design
INFO: [USF-XSim-61] Executing 'SIMULATE' step in 'D:/Vivado/2.28/test_1/XilinxRFsoc_Sivers-mmWave/test_0.sim/sim_1/behav/xsim'
INFO: [USF-XSim-98] *** Running xsim
   with args "tb_beam_scan_bs_behav -key {Behavioral:sim_1:Functional:tb_beam_scan_bs} -tclbatch {tb_beam_scan_bs.tcl} -log {simulate.log}"
INFO: [USF-XSim-8] Loading simulator feature
Vivado Simulator 2018.3
Time resolution is 1 ps
source tb_beam_scan_bs.tcl
# set curr_wave [current_wave_config]
# if { [string length $curr_wave] == 0 } {
#   if { [llength [get_objects]] > 0} {
#     add_wave /
#     set_property needs_save false [current_wave_config]
#   } else {
#      send_msg_id Add_Wave-1 WARNING "No top level signals found. Simulator will start without a wave window. If you want to open a wave window go to 'File->New Waveform Configuration' or type 'create_wave_config' in the TCL console."
#   }
# }
# run 1000ns
INFO: [USF-XSim-96] XSim completed. Design snapshot 'tb_beam_scan_bs_behav' loaded.
INFO: [USF-XSim-97] XSim simulation ran for 1000ns
run 10 us
run 10 us
run 10 us
close_sim
INFO: [Simtcl 6-16] Simulation closed
launch_simulation
INFO: [Vivado 12-5682] Launching behavioral simulation in 'D:/Vivado/2.28/test_1/XilinxRFsoc_Sivers-mmWave/test_0.sim/sim_1/behav/xsim'
INFO: [SIM-utils-51] Simulation object is 'sim_1'
INFO: [SIM-utils-54] Inspecting design source files for 'tb_beam_scan_bs' in fileset 'sim_1'...
INFO: [USF-XSim-97] Finding global include files...
INFO: [USF-XSim-98] Fetching design files from 'sim_1'...
INFO: [USF-XSim-2] XSim::Compile design
INFO: [USF-XSim-61] Executing 'COMPILE and ANALYZE' step in 'D:/Vivado/2.28/test_1/XilinxRFsoc_Sivers-mmWave/test_0.sim/sim_1/behav/xsim'
"xvlog --incr --relax -prj tb_beam_scan_bs_vlog.prj"
INFO: [VRFC 10-2263] Analyzing Verilog file "D:/Vivado/2.28/test_1/XilinxRFsoc_Sivers-mmWave/test_0.srcs/sources_1/new/beam_scan.v" into library xil_defaultlib
INFO: [VRFC 10-311] analyzing module beam_scan
INFO: [VRFC 10-2263] Analyzing Verilog file "D:/Vivado/2.28/test_1/XilinxRFsoc_Sivers-mmWave/test_0.srcs/sim_1/new/tb_baem_scan_bs.v" into library xil_defaultlib
INFO: [VRFC 10-311] analyzing module tb_beam_scan_bs
INFO: [USF-XSim-69] 'compile' step finished in '1' seconds
INFO: [USF-XSim-3] XSim::Elaborate design
INFO: [USF-XSim-61] Executing 'ELABORATE' step in 'D:/Vivado/2.28/test_1/XilinxRFsoc_Sivers-mmWave/test_0.sim/sim_1/behav/xsim'
Vivado Simulator 2018.3
Copyright 1986-1999, 2001-2018 Xilinx, Inc. All Rights Reserved.
Running: D:/Vivado/Vivado/2018.3/bin/unwrapped/win64.o/xelab.exe -wto 32b426fd1b1b4cdbac592df15f1debde --incr --debug typical --relax --mt 2 -L xil_defaultlib -L unisims_ver -L unimacro_ver -L secureip --snapshot tb_beam_scan_bs_behav xil_defaultlib.tb_beam_scan_bs xil_defaultlib.glbl -log elaborate.log 
Using 2 slave threads.
Starting static elaboration
Completed static elaboration
Starting simulation data flow analysis
Completed simulation data flow analysis
Time Resolution for simulation is 1ps
Compiling module xil_defaultlib.beam_scan
Compiling module xil_defaultlib.tb_beam_scan_bs
Compiling module xil_defaultlib.glbl
Built simulation snapshot tb_beam_scan_bs_behav
INFO: [USF-XSim-69] 'elaborate' step finished in '1' seconds
INFO: [USF-XSim-4] XSim::Simulate design
INFO: [USF-XSim-61] Executing 'SIMULATE' step in 'D:/Vivado/2.28/test_1/XilinxRFsoc_Sivers-mmWave/test_0.sim/sim_1/behav/xsim'
INFO: [USF-XSim-98] *** Running xsim
   with args "tb_beam_scan_bs_behav -key {Behavioral:sim_1:Functional:tb_beam_scan_bs} -tclbatch {tb_beam_scan_bs.tcl} -log {simulate.log}"
INFO: [USF-XSim-8] Loading simulator feature
Vivado Simulator 2018.3
Time resolution is 1 ps
source tb_beam_scan_bs.tcl
# set curr_wave [current_wave_config]
# if { [string length $curr_wave] == 0 } {
#   if { [llength [get_objects]] > 0} {
#     add_wave /
#     set_property needs_save false [current_wave_config]
#   } else {
#      send_msg_id Add_Wave-1 WARNING "No top level signals found. Simulator will start without a wave window. If you want to open a wave window go to 'File->New Waveform Configuration' or type 'create_wave_config' in the TCL console."
#   }
# }
# run 1000ns
INFO: [USF-XSim-96] XSim completed. Design snapshot 'tb_beam_scan_bs_behav' loaded.
INFO: [USF-XSim-97] XSim simulation ran for 1000ns
run 10 us
close_sim
INFO: [Simtcl 6-16] Simulation closed
launch_simulation
INFO: [Vivado 12-5682] Launching behavioral simulation in 'D:/Vivado/2.28/test_1/XilinxRFsoc_Sivers-mmWave/test_0.sim/sim_1/behav/xsim'
INFO: [SIM-utils-51] Simulation object is 'sim_1'
INFO: [SIM-utils-54] Inspecting design source files for 'tb_beam_scan_bs' in fileset 'sim_1'...
INFO: [USF-XSim-97] Finding global include files...
INFO: [USF-XSim-98] Fetching design files from 'sim_1'...
INFO: [USF-XSim-2] XSim::Compile design
INFO: [USF-XSim-61] Executing 'COMPILE and ANALYZE' step in 'D:/Vivado/2.28/test_1/XilinxRFsoc_Sivers-mmWave/test_0.sim/sim_1/behav/xsim'
"xvlog --incr --relax -prj tb_beam_scan_bs_vlog.prj"
INFO: [VRFC 10-2263] Analyzing Verilog file "D:/Vivado/2.28/test_1/XilinxRFsoc_Sivers-mmWave/test_0.srcs/sources_1/new/beam_scan.v" into library xil_defaultlib
INFO: [VRFC 10-311] analyzing module beam_scan
INFO: [VRFC 10-2263] Analyzing Verilog file "D:/Vivado/2.28/test_1/XilinxRFsoc_Sivers-mmWave/test_0.srcs/sim_1/new/tb_baem_scan_bs.v" into library xil_defaultlib
INFO: [VRFC 10-311] analyzing module tb_beam_scan_bs
INFO: [USF-XSim-69] 'compile' step finished in '1' seconds
INFO: [USF-XSim-3] XSim::Elaborate design
INFO: [USF-XSim-61] Executing 'ELABORATE' step in 'D:/Vivado/2.28/test_1/XilinxRFsoc_Sivers-mmWave/test_0.sim/sim_1/behav/xsim'
Vivado Simulator 2018.3
Copyright 1986-1999, 2001-2018 Xilinx, Inc. All Rights Reserved.
Running: D:/Vivado/Vivado/2018.3/bin/unwrapped/win64.o/xelab.exe -wto 32b426fd1b1b4cdbac592df15f1debde --incr --debug typical --relax --mt 2 -L xil_defaultlib -L unisims_ver -L unimacro_ver -L secureip --snapshot tb_beam_scan_bs_behav xil_defaultlib.tb_beam_scan_bs xil_defaultlib.glbl -log elaborate.log 
Using 2 slave threads.
Starting static elaboration
Completed static elaboration
Starting simulation data flow analysis
Completed simulation data flow analysis
Time Resolution for simulation is 1ps
Compiling module xil_defaultlib.beam_scan
Compiling module xil_defaultlib.tb_beam_scan_bs
Compiling module xil_defaultlib.glbl
Built simulation snapshot tb_beam_scan_bs_behav
INFO: [USF-XSim-69] 'elaborate' step finished in '1' seconds
INFO: [USF-XSim-4] XSim::Simulate design
INFO: [USF-XSim-61] Executing 'SIMULATE' step in 'D:/Vivado/2.28/test_1/XilinxRFsoc_Sivers-mmWave/test_0.sim/sim_1/behav/xsim'
INFO: [USF-XSim-98] *** Running xsim
   with args "tb_beam_scan_bs_behav -key {Behavioral:sim_1:Functional:tb_beam_scan_bs} -tclbatch {tb_beam_scan_bs.tcl} -log {simulate.log}"
INFO: [USF-XSim-8] Loading simulator feature
Vivado Simulator 2018.3
Time resolution is 1 ps
source tb_beam_scan_bs.tcl
# set curr_wave [current_wave_config]
# if { [string length $curr_wave] == 0 } {
#   if { [llength [get_objects]] > 0} {
#     add_wave /
#     set_property needs_save false [current_wave_config]
#   } else {
#      send_msg_id Add_Wave-1 WARNING "No top level signals found. Simulator will start without a wave window. If you want to open a wave window go to 'File->New Waveform Configuration' or type 'create_wave_config' in the TCL console."
#   }
# }
# run 1000ns
INFO: [USF-XSim-96] XSim completed. Design snapshot 'tb_beam_scan_bs_behav' loaded.
INFO: [USF-XSim-97] XSim simulation ran for 1000ns
run 10 us
close_sim
INFO: [Simtcl 6-16] Simulation closed
launch_simulation
INFO: [Vivado 12-5682] Launching behavioral simulation in 'D:/Vivado/2.28/test_1/XilinxRFsoc_Sivers-mmWave/test_0.sim/sim_1/behav/xsim'
INFO: [SIM-utils-51] Simulation object is 'sim_1'
INFO: [SIM-utils-54] Inspecting design source files for 'tb_beam_scan_bs' in fileset 'sim_1'...
INFO: [USF-XSim-97] Finding global include files...
INFO: [USF-XSim-98] Fetching design files from 'sim_1'...
INFO: [USF-XSim-2] XSim::Compile design
INFO: [USF-XSim-61] Executing 'COMPILE and ANALYZE' step in 'D:/Vivado/2.28/test_1/XilinxRFsoc_Sivers-mmWave/test_0.sim/sim_1/behav/xsim'
"xvlog --incr --relax -prj tb_beam_scan_bs_vlog.prj"
INFO: [VRFC 10-2263] Analyzing Verilog file "D:/Vivado/2.28/test_1/XilinxRFsoc_Sivers-mmWave/test_0.srcs/sources_1/new/beam_scan.v" into library xil_defaultlib
INFO: [VRFC 10-311] analyzing module beam_scan
INFO: [VRFC 10-2263] Analyzing Verilog file "D:/Vivado/2.28/test_1/XilinxRFsoc_Sivers-mmWave/test_0.srcs/sim_1/new/tb_baem_scan_bs.v" into library xil_defaultlib
INFO: [VRFC 10-311] analyzing module tb_beam_scan_bs
INFO: [USF-XSim-69] 'compile' step finished in '1' seconds
INFO: [USF-XSim-3] XSim::Elaborate design
INFO: [USF-XSim-61] Executing 'ELABORATE' step in 'D:/Vivado/2.28/test_1/XilinxRFsoc_Sivers-mmWave/test_0.sim/sim_1/behav/xsim'
Vivado Simulator 2018.3
Copyright 1986-1999, 2001-2018 Xilinx, Inc. All Rights Reserved.
Running: D:/Vivado/Vivado/2018.3/bin/unwrapped/win64.o/xelab.exe -wto 32b426fd1b1b4cdbac592df15f1debde --incr --debug typical --relax --mt 2 -L xil_defaultlib -L unisims_ver -L unimacro_ver -L secureip --snapshot tb_beam_scan_bs_behav xil_defaultlib.tb_beam_scan_bs xil_defaultlib.glbl -log elaborate.log 
Using 2 slave threads.
Starting static elaboration
Completed static elaboration
Starting simulation data flow analysis
Completed simulation data flow analysis
Time Resolution for simulation is 1ps
Compiling module xil_defaultlib.beam_scan
Compiling module xil_defaultlib.tb_beam_scan_bs
Compiling module xil_defaultlib.glbl
Built simulation snapshot tb_beam_scan_bs_behav
INFO: [USF-XSim-69] 'elaborate' step finished in '1' seconds
INFO: [USF-XSim-4] XSim::Simulate design
INFO: [USF-XSim-61] Executing 'SIMULATE' step in 'D:/Vivado/2.28/test_1/XilinxRFsoc_Sivers-mmWave/test_0.sim/sim_1/behav/xsim'
INFO: [USF-XSim-98] *** Running xsim
   with args "tb_beam_scan_bs_behav -key {Behavioral:sim_1:Functional:tb_beam_scan_bs} -tclbatch {tb_beam_scan_bs.tcl} -log {simulate.log}"
INFO: [USF-XSim-8] Loading simulator feature
Vivado Simulator 2018.3
Time resolution is 1 ps
source tb_beam_scan_bs.tcl
# set curr_wave [current_wave_config]
# if { [string length $curr_wave] == 0 } {
#   if { [llength [get_objects]] > 0} {
#     add_wave /
#     set_property needs_save false [current_wave_config]
#   } else {
#      send_msg_id Add_Wave-1 WARNING "No top level signals found. Simulator will start without a wave window. If you want to open a wave window go to 'File->New Waveform Configuration' or type 'create_wave_config' in the TCL console."
#   }
# }
# run 1000ns
INFO: [USF-XSim-96] XSim completed. Design snapshot 'tb_beam_scan_bs_behav' loaded.
INFO: [USF-XSim-97] XSim simulation ran for 1000ns
run 10 us
close_sim
INFO: [Simtcl 6-16] Simulation closed
launch_simulation
INFO: [Vivado 12-5682] Launching behavioral simulation in 'D:/Vivado/2.28/test_1/XilinxRFsoc_Sivers-mmWave/test_0.sim/sim_1/behav/xsim'
INFO: [SIM-utils-51] Simulation object is 'sim_1'
INFO: [SIM-utils-54] Inspecting design source files for 'tb_beam_scan_bs' in fileset 'sim_1'...
INFO: [USF-XSim-97] Finding global include files...
INFO: [USF-XSim-98] Fetching design files from 'sim_1'...
INFO: [USF-XSim-2] XSim::Compile design
INFO: [USF-XSim-61] Executing 'COMPILE and ANALYZE' step in 'D:/Vivado/2.28/test_1/XilinxRFsoc_Sivers-mmWave/test_0.sim/sim_1/behav/xsim'
"xvlog --incr --relax -prj tb_beam_scan_bs_vlog.prj"
INFO: [VRFC 10-2263] Analyzing Verilog file "D:/Vivado/2.28/test_1/XilinxRFsoc_Sivers-mmWave/test_0.srcs/sources_1/new/beam_scan.v" into library xil_defaultlib
INFO: [VRFC 10-311] analyzing module beam_scan
INFO: [VRFC 10-2263] Analyzing Verilog file "D:/Vivado/2.28/test_1/XilinxRFsoc_Sivers-mmWave/test_0.srcs/sim_1/new/tb_baem_scan_bs.v" into library xil_defaultlib
INFO: [VRFC 10-311] analyzing module tb_beam_scan_bs
INFO: [USF-XSim-69] 'compile' step finished in '1' seconds
INFO: [USF-XSim-3] XSim::Elaborate design
INFO: [USF-XSim-61] Executing 'ELABORATE' step in 'D:/Vivado/2.28/test_1/XilinxRFsoc_Sivers-mmWave/test_0.sim/sim_1/behav/xsim'
Vivado Simulator 2018.3
Copyright 1986-1999, 2001-2018 Xilinx, Inc. All Rights Reserved.
Running: D:/Vivado/Vivado/2018.3/bin/unwrapped/win64.o/xelab.exe -wto 32b426fd1b1b4cdbac592df15f1debde --incr --debug typical --relax --mt 2 -L xil_defaultlib -L unisims_ver -L unimacro_ver -L secureip --snapshot tb_beam_scan_bs_behav xil_defaultlib.tb_beam_scan_bs xil_defaultlib.glbl -log elaborate.log 
Using 2 slave threads.
Starting static elaboration
Completed static elaboration
Starting simulation data flow analysis
Completed simulation data flow analysis
Time Resolution for simulation is 1ps
Compiling module xil_defaultlib.beam_scan
Compiling module xil_defaultlib.tb_beam_scan_bs
Compiling module xil_defaultlib.glbl
Built simulation snapshot tb_beam_scan_bs_behav
INFO: [USF-XSim-69] 'elaborate' step finished in '1' seconds
INFO: [USF-XSim-4] XSim::Simulate design
INFO: [USF-XSim-61] Executing 'SIMULATE' step in 'D:/Vivado/2.28/test_1/XilinxRFsoc_Sivers-mmWave/test_0.sim/sim_1/behav/xsim'
INFO: [USF-XSim-98] *** Running xsim
   with args "tb_beam_scan_bs_behav -key {Behavioral:sim_1:Functional:tb_beam_scan_bs} -tclbatch {tb_beam_scan_bs.tcl} -log {simulate.log}"
INFO: [USF-XSim-8] Loading simulator feature
Vivado Simulator 2018.3
Time resolution is 1 ps
source tb_beam_scan_bs.tcl
# set curr_wave [current_wave_config]
# if { [string length $curr_wave] == 0 } {
#   if { [llength [get_objects]] > 0} {
#     add_wave /
#     set_property needs_save false [current_wave_config]
#   } else {
#      send_msg_id Add_Wave-1 WARNING "No top level signals found. Simulator will start without a wave window. If you want to open a wave window go to 'File->New Waveform Configuration' or type 'create_wave_config' in the TCL console."
#   }
# }
# run 1000ns
INFO: [USF-XSim-96] XSim completed. Design snapshot 'tb_beam_scan_bs_behav' loaded.
INFO: [USF-XSim-97] XSim simulation ran for 1000ns
run 10 us
close_sim
INFO: [Simtcl 6-16] Simulation closed
launch_simulation
INFO: [Vivado 12-5682] Launching behavioral simulation in 'D:/Vivado/2.28/test_1/XilinxRFsoc_Sivers-mmWave/test_0.sim/sim_1/behav/xsim'
INFO: [SIM-utils-51] Simulation object is 'sim_1'
INFO: [SIM-utils-54] Inspecting design source files for 'tb_beam_scan_bs' in fileset 'sim_1'...
INFO: [USF-XSim-97] Finding global include files...
INFO: [USF-XSim-98] Fetching design files from 'sim_1'...
INFO: [USF-XSim-2] XSim::Compile design
INFO: [USF-XSim-61] Executing 'COMPILE and ANALYZE' step in 'D:/Vivado/2.28/test_1/XilinxRFsoc_Sivers-mmWave/test_0.sim/sim_1/behav/xsim'
"xvlog --incr --relax -prj tb_beam_scan_bs_vlog.prj"
INFO: [VRFC 10-2263] Analyzing Verilog file "D:/Vivado/2.28/test_1/XilinxRFsoc_Sivers-mmWave/test_0.srcs/sources_1/new/beam_scan.v" into library xil_defaultlib
INFO: [VRFC 10-311] analyzing module beam_scan
INFO: [VRFC 10-2263] Analyzing Verilog file "D:/Vivado/2.28/test_1/XilinxRFsoc_Sivers-mmWave/test_0.srcs/sim_1/new/tb_baem_scan_bs.v" into library xil_defaultlib
INFO: [VRFC 10-311] analyzing module tb_beam_scan_bs
INFO: [USF-XSim-69] 'compile' step finished in '1' seconds
INFO: [USF-XSim-3] XSim::Elaborate design
INFO: [USF-XSim-61] Executing 'ELABORATE' step in 'D:/Vivado/2.28/test_1/XilinxRFsoc_Sivers-mmWave/test_0.sim/sim_1/behav/xsim'
Vivado Simulator 2018.3
Copyright 1986-1999, 2001-2018 Xilinx, Inc. All Rights Reserved.
Running: D:/Vivado/Vivado/2018.3/bin/unwrapped/win64.o/xelab.exe -wto 32b426fd1b1b4cdbac592df15f1debde --incr --debug typical --relax --mt 2 -L xil_defaultlib -L unisims_ver -L unimacro_ver -L secureip --snapshot tb_beam_scan_bs_behav xil_defaultlib.tb_beam_scan_bs xil_defaultlib.glbl -log elaborate.log 
Using 2 slave threads.
Starting static elaboration
Completed static elaboration
Starting simulation data flow analysis
Completed simulation data flow analysis
Time Resolution for simulation is 1ps
Compiling module xil_defaultlib.beam_scan
Compiling module xil_defaultlib.tb_beam_scan_bs
Compiling module xil_defaultlib.glbl
Built simulation snapshot tb_beam_scan_bs_behav
INFO: [USF-XSim-69] 'elaborate' step finished in '1' seconds
INFO: [USF-XSim-4] XSim::Simulate design
INFO: [USF-XSim-61] Executing 'SIMULATE' step in 'D:/Vivado/2.28/test_1/XilinxRFsoc_Sivers-mmWave/test_0.sim/sim_1/behav/xsim'
INFO: [USF-XSim-98] *** Running xsim
   with args "tb_beam_scan_bs_behav -key {Behavioral:sim_1:Functional:tb_beam_scan_bs} -tclbatch {tb_beam_scan_bs.tcl} -log {simulate.log}"
INFO: [USF-XSim-8] Loading simulator feature
Vivado Simulator 2018.3
Time resolution is 1 ps
source tb_beam_scan_bs.tcl
# set curr_wave [current_wave_config]
# if { [string length $curr_wave] == 0 } {
#   if { [llength [get_objects]] > 0} {
#     add_wave /
#     set_property needs_save false [current_wave_config]
#   } else {
#      send_msg_id Add_Wave-1 WARNING "No top level signals found. Simulator will start without a wave window. If you want to open a wave window go to 'File->New Waveform Configuration' or type 'create_wave_config' in the TCL console."
#   }
# }
# run 1000ns
INFO: [USF-XSim-96] XSim completed. Design snapshot 'tb_beam_scan_bs_behav' loaded.
INFO: [USF-XSim-97] XSim simulation ran for 1000ns
run 10 us
close_sim
INFO: [Simtcl 6-16] Simulation closed
launch_simulation
INFO: [Vivado 12-5682] Launching behavioral simulation in 'D:/Vivado/2.28/test_1/XilinxRFsoc_Sivers-mmWave/test_0.sim/sim_1/behav/xsim'
INFO: [SIM-utils-51] Simulation object is 'sim_1'
INFO: [SIM-utils-54] Inspecting design source files for 'tb_beam_scan_bs' in fileset 'sim_1'...
INFO: [USF-XSim-97] Finding global include files...
INFO: [USF-XSim-98] Fetching design files from 'sim_1'...
INFO: [USF-XSim-2] XSim::Compile design
INFO: [USF-XSim-61] Executing 'COMPILE and ANALYZE' step in 'D:/Vivado/2.28/test_1/XilinxRFsoc_Sivers-mmWave/test_0.sim/sim_1/behav/xsim'
"xvlog --incr --relax -prj tb_beam_scan_bs_vlog.prj"
INFO: [VRFC 10-2263] Analyzing Verilog file "D:/Vivado/2.28/test_1/XilinxRFsoc_Sivers-mmWave/test_0.srcs/sources_1/new/beam_scan.v" into library xil_defaultlib
INFO: [VRFC 10-311] analyzing module beam_scan
INFO: [VRFC 10-2263] Analyzing Verilog file "D:/Vivado/2.28/test_1/XilinxRFsoc_Sivers-mmWave/test_0.srcs/sim_1/new/tb_baem_scan_bs.v" into library xil_defaultlib
INFO: [VRFC 10-311] analyzing module tb_beam_scan_bs
INFO: [USF-XSim-69] 'compile' step finished in '1' seconds
INFO: [USF-XSim-3] XSim::Elaborate design
INFO: [USF-XSim-61] Executing 'ELABORATE' step in 'D:/Vivado/2.28/test_1/XilinxRFsoc_Sivers-mmWave/test_0.sim/sim_1/behav/xsim'
Vivado Simulator 2018.3
Copyright 1986-1999, 2001-2018 Xilinx, Inc. All Rights Reserved.
Running: D:/Vivado/Vivado/2018.3/bin/unwrapped/win64.o/xelab.exe -wto 32b426fd1b1b4cdbac592df15f1debde --incr --debug typical --relax --mt 2 -L xil_defaultlib -L unisims_ver -L unimacro_ver -L secureip --snapshot tb_beam_scan_bs_behav xil_defaultlib.tb_beam_scan_bs xil_defaultlib.glbl -log elaborate.log 
Using 2 slave threads.
Starting static elaboration
Completed static elaboration
Starting simulation data flow analysis
Completed simulation data flow analysis
Time Resolution for simulation is 1ps
Compiling module xil_defaultlib.beam_scan
Compiling module xil_defaultlib.tb_beam_scan_bs
Compiling module xil_defaultlib.glbl
Built simulation snapshot tb_beam_scan_bs_behav
INFO: [USF-XSim-69] 'elaborate' step finished in '1' seconds
INFO: [USF-XSim-4] XSim::Simulate design
INFO: [USF-XSim-61] Executing 'SIMULATE' step in 'D:/Vivado/2.28/test_1/XilinxRFsoc_Sivers-mmWave/test_0.sim/sim_1/behav/xsim'
INFO: [USF-XSim-98] *** Running xsim
   with args "tb_beam_scan_bs_behav -key {Behavioral:sim_1:Functional:tb_beam_scan_bs} -tclbatch {tb_beam_scan_bs.tcl} -log {simulate.log}"
INFO: [USF-XSim-8] Loading simulator feature
Vivado Simulator 2018.3
Time resolution is 1 ps
source tb_beam_scan_bs.tcl
# set curr_wave [current_wave_config]
# if { [string length $curr_wave] == 0 } {
#   if { [llength [get_objects]] > 0} {
#     add_wave /
#     set_property needs_save false [current_wave_config]
#   } else {
#      send_msg_id Add_Wave-1 WARNING "No top level signals found. Simulator will start without a wave window. If you want to open a wave window go to 'File->New Waveform Configuration' or type 'create_wave_config' in the TCL console."
#   }
# }
# run 1000ns
INFO: [USF-XSim-96] XSim completed. Design snapshot 'tb_beam_scan_bs_behav' loaded.
INFO: [USF-XSim-97] XSim simulation ran for 1000ns
run 10 us
run 10 us
run 10 us
close_sim
INFO: [Simtcl 6-16] Simulation closed
launch_simulation
INFO: [Vivado 12-5682] Launching behavioral simulation in 'D:/Vivado/2.28/test_1/XilinxRFsoc_Sivers-mmWave/test_0.sim/sim_1/behav/xsim'
INFO: [SIM-utils-51] Simulation object is 'sim_1'
INFO: [SIM-utils-54] Inspecting design source files for 'tb_beam_scan_bs' in fileset 'sim_1'...
INFO: [USF-XSim-97] Finding global include files...
INFO: [USF-XSim-98] Fetching design files from 'sim_1'...
INFO: [USF-XSim-2] XSim::Compile design
INFO: [USF-XSim-61] Executing 'COMPILE and ANALYZE' step in 'D:/Vivado/2.28/test_1/XilinxRFsoc_Sivers-mmWave/test_0.sim/sim_1/behav/xsim'
"xvlog --incr --relax -prj tb_beam_scan_bs_vlog.prj"
INFO: [VRFC 10-2263] Analyzing Verilog file "D:/Vivado/2.28/test_1/XilinxRFsoc_Sivers-mmWave/test_0.srcs/sources_1/new/beam_scan.v" into library xil_defaultlib
INFO: [VRFC 10-311] analyzing module beam_scan
INFO: [VRFC 10-2263] Analyzing Verilog file "D:/Vivado/2.28/test_1/XilinxRFsoc_Sivers-mmWave/test_0.srcs/sim_1/new/tb_baem_scan_bs.v" into library xil_defaultlib
INFO: [VRFC 10-311] analyzing module tb_beam_scan_bs
INFO: [USF-XSim-69] 'compile' step finished in '1' seconds
INFO: [USF-XSim-3] XSim::Elaborate design
INFO: [USF-XSim-61] Executing 'ELABORATE' step in 'D:/Vivado/2.28/test_1/XilinxRFsoc_Sivers-mmWave/test_0.sim/sim_1/behav/xsim'
Vivado Simulator 2018.3
Copyright 1986-1999, 2001-2018 Xilinx, Inc. All Rights Reserved.
Running: D:/Vivado/Vivado/2018.3/bin/unwrapped/win64.o/xelab.exe -wto 32b426fd1b1b4cdbac592df15f1debde --incr --debug typical --relax --mt 2 -L xil_defaultlib -L unisims_ver -L unimacro_ver -L secureip --snapshot tb_beam_scan_bs_behav xil_defaultlib.tb_beam_scan_bs xil_defaultlib.glbl -log elaborate.log 
Using 2 slave threads.
Starting static elaboration
Completed static elaboration
Starting simulation data flow analysis
Completed simulation data flow analysis
Time Resolution for simulation is 1ps
Compiling module xil_defaultlib.beam_scan
Compiling module xil_defaultlib.tb_beam_scan_bs
Compiling module xil_defaultlib.glbl
Built simulation snapshot tb_beam_scan_bs_behav
INFO: [USF-XSim-69] 'elaborate' step finished in '1' seconds
INFO: [USF-XSim-4] XSim::Simulate design
INFO: [USF-XSim-61] Executing 'SIMULATE' step in 'D:/Vivado/2.28/test_1/XilinxRFsoc_Sivers-mmWave/test_0.sim/sim_1/behav/xsim'
INFO: [USF-XSim-98] *** Running xsim
   with args "tb_beam_scan_bs_behav -key {Behavioral:sim_1:Functional:tb_beam_scan_bs} -tclbatch {tb_beam_scan_bs.tcl} -log {simulate.log}"
INFO: [USF-XSim-8] Loading simulator feature
Vivado Simulator 2018.3
Time resolution is 1 ps
source tb_beam_scan_bs.tcl
# set curr_wave [current_wave_config]
# if { [string length $curr_wave] == 0 } {
#   if { [llength [get_objects]] > 0} {
#     add_wave /
#     set_property needs_save false [current_wave_config]
#   } else {
#      send_msg_id Add_Wave-1 WARNING "No top level signals found. Simulator will start without a wave window. If you want to open a wave window go to 'File->New Waveform Configuration' or type 'create_wave_config' in the TCL console."
#   }
# }
# run 1000ns
INFO: [USF-XSim-96] XSim completed. Design snapshot 'tb_beam_scan_bs_behav' loaded.
INFO: [USF-XSim-97] XSim simulation ran for 1000ns
run 10 us
run 10 us
run 10 us
close_sim
INFO: [Simtcl 6-16] Simulation closed
launch_simulation
INFO: [Vivado 12-5682] Launching behavioral simulation in 'D:/Vivado/2.28/test_1/XilinxRFsoc_Sivers-mmWave/test_0.sim/sim_1/behav/xsim'
INFO: [SIM-utils-51] Simulation object is 'sim_1'
INFO: [SIM-utils-54] Inspecting design source files for 'tb_beam_scan_bs' in fileset 'sim_1'...
INFO: [USF-XSim-97] Finding global include files...
INFO: [USF-XSim-98] Fetching design files from 'sim_1'...
INFO: [USF-XSim-2] XSim::Compile design
INFO: [USF-XSim-61] Executing 'COMPILE and ANALYZE' step in 'D:/Vivado/2.28/test_1/XilinxRFsoc_Sivers-mmWave/test_0.sim/sim_1/behav/xsim'
"xvlog --incr --relax -prj tb_beam_scan_bs_vlog.prj"
INFO: [VRFC 10-2263] Analyzing Verilog file "D:/Vivado/2.28/test_1/XilinxRFsoc_Sivers-mmWave/test_0.srcs/sources_1/new/beam_scan.v" into library xil_defaultlib
INFO: [VRFC 10-311] analyzing module beam_scan
INFO: [VRFC 10-2263] Analyzing Verilog file "D:/Vivado/2.28/test_1/XilinxRFsoc_Sivers-mmWave/test_0.srcs/sim_1/new/tb_baem_scan_bs.v" into library xil_defaultlib
INFO: [VRFC 10-311] analyzing module tb_beam_scan_bs
INFO: [USF-XSim-69] 'compile' step finished in '1' seconds
INFO: [USF-XSim-3] XSim::Elaborate design
INFO: [USF-XSim-61] Executing 'ELABORATE' step in 'D:/Vivado/2.28/test_1/XilinxRFsoc_Sivers-mmWave/test_0.sim/sim_1/behav/xsim'
Vivado Simulator 2018.3
Copyright 1986-1999, 2001-2018 Xilinx, Inc. All Rights Reserved.
Running: D:/Vivado/Vivado/2018.3/bin/unwrapped/win64.o/xelab.exe -wto 32b426fd1b1b4cdbac592df15f1debde --incr --debug typical --relax --mt 2 -L xil_defaultlib -L unisims_ver -L unimacro_ver -L secureip --snapshot tb_beam_scan_bs_behav xil_defaultlib.tb_beam_scan_bs xil_defaultlib.glbl -log elaborate.log 
Using 2 slave threads.
Starting static elaboration
Completed static elaboration
Starting simulation data flow analysis
Completed simulation data flow analysis
Time Resolution for simulation is 1ps
Compiling module xil_defaultlib.beam_scan
Compiling module xil_defaultlib.tb_beam_scan_bs
Compiling module xil_defaultlib.glbl
Built simulation snapshot tb_beam_scan_bs_behav
INFO: [USF-XSim-69] 'elaborate' step finished in '1' seconds
INFO: [USF-XSim-4] XSim::Simulate design
INFO: [USF-XSim-61] Executing 'SIMULATE' step in 'D:/Vivado/2.28/test_1/XilinxRFsoc_Sivers-mmWave/test_0.sim/sim_1/behav/xsim'
INFO: [USF-XSim-98] *** Running xsim
   with args "tb_beam_scan_bs_behav -key {Behavioral:sim_1:Functional:tb_beam_scan_bs} -tclbatch {tb_beam_scan_bs.tcl} -log {simulate.log}"
INFO: [USF-XSim-8] Loading simulator feature
Vivado Simulator 2018.3
Time resolution is 1 ps
source tb_beam_scan_bs.tcl
# set curr_wave [current_wave_config]
# if { [string length $curr_wave] == 0 } {
#   if { [llength [get_objects]] > 0} {
#     add_wave /
#     set_property needs_save false [current_wave_config]
#   } else {
#      send_msg_id Add_Wave-1 WARNING "No top level signals found. Simulator will start without a wave window. If you want to open a wave window go to 'File->New Waveform Configuration' or type 'create_wave_config' in the TCL console."
#   }
# }
# run 1000ns
INFO: [USF-XSim-96] XSim completed. Design snapshot 'tb_beam_scan_bs_behav' loaded.
INFO: [USF-XSim-97] XSim simulation ran for 1000ns
run 10 us
run 10 us
run 10 us
close_sim
INFO: [Simtcl 6-16] Simulation closed
exit
INFO: [Common 17-206] Exiting Vivado at Tue Mar 26 17:04:23 2024...
